<?xml version="1.0" encoding="UTF-8"?>
<testsuite xmlns:xsi="http://www.w3.org/2001/XMLSchema-instance" xsi:noNamespaceSchemaLocation="https://maven.apache.org/surefire/maven-surefire-plugin/xsd/surefire-test-report.xsd" name="TestSuite" time="95.897" tests="4" errors="0" skipped="0" failures="2">
  <properties>
[...]
</properties>
  <testcase name="invalidLogin" classname="tests.LoginTest" time="3.77">
    <failure message="expected [Invalid credentials1] but found [Invalid credentials]" type="java.lang.AssertionError">java.lang.AssertionError: expected [Invalid credentials1] but found [Invalid credentials]
	at tests.LoginTest.invalidLogin(LoginTest.java:41)
</failure>
    <system-out><![CDATA[onStart
02-06-2023 17:59:02 TestBase.java INFO  [main] testbase.TestBase 44 - Execution started for testcase:invalidLogin-----------
02-06-2023 17:59:04 driverfactory.java INFO  [main] driverFactory.driverfactory 21 - chorme initilaized
onTestStart
02-06-2023 17:59:34 elementutils.java INFO  [main] util.elementutils 20 - inside enterusername method
02-06-2023 17:59:35 elementutils.java INFO  [main] util.elementutils 21 - Locator :By.name: username
02-06-2023 17:59:35 elementutils.java INFO  [main] util.elementutils 24 - username successfully entered
02-06-2023 17:59:35 elementutils.java INFO  [main] util.elementutils 20 - inside enterusername method
02-06-2023 17:59:35 elementutils.java INFO  [main] util.elementutils 21 - Locator :By.name: password
02-06-2023 17:59:36 elementutils.java INFO  [main] util.elementutils 24 - username successfully entered
02-06-2023 17:59:36 elementutils.java INFO  [main] util.elementutils 34 - inside doclick method
02-06-2023 17:59:36 elementutils.java INFO  [main] util.elementutils 35 - Locator:By.className: orangehrm-login-button
beforeClickon
afterClickon
02-06-2023 17:59:38 elementutils.java INFO  [main] util.elementutils 38 - successful click on button
02-06-2023 17:59:38 elementutils.java INFO  [main] util.elementutils 47 - inside isElementPresent method
02-06-2023 17:59:38 elementutils.java INFO  [main] util.elementutils 48 - locator:By.className: oxd-alert-content-text
02-06-2023 17:59:38 elementutils.java INFO  [main] util.elementutils 52 - Element is present
02-06-2023 17:59:38 elementutils.java INFO  [main] util.elementutils 63 - inside gettext method
02-06-2023 17:59:38 elementutils.java INFO  [main] util.elementutils 64 - locator:By.className: oxd-alert-content-text
02-06-2023 17:59:38 elementutils.java INFO  [main] util.elementutils 67 - text found
]]></system-out>
    <system-err><![CDATA[SLF4J: No SLF4J providers were found.
SLF4J: Defaulting to no-operation (NOP) logger implementation
SLF4J: See https://www.slf4j.org/codes.html#noProviders for further details.
Starting ChromeDriver 109.0.5414.74 (e7c5703604daa9cc128ccf5a5d3e993513758913-refs/branch-heads/5414@{#1172}) on port 2080
Only local connections are allowed.
Please see https://chromedriver.chromium.org/security-considerations for suggestions on keeping ChromeDriver safe.
ChromeDriver was started successfully.
Feb 06, 2023 5:59:09 PM org.openqa.selenium.remote.ProtocolHandshake createSession
INFO: Detected dialect: W3C
]]></system-err>
  </testcase>
  <testcase name="loginTest" classname="tests.LoginTest" time="5.325">
    <failure message="expected [Sumit Rana] but found [Karnan Arjun]" type="java.lang.AssertionError">java.lang.AssertionError: expected [Sumit Rana] but found [Karnan Arjun]
	at tests.LoginTest.loginTest(LoginTest.java:28)
</failure>
    <system-out><![CDATA[onTestFailure
C:\Users\Acer\Desktop\excel\myfirstmavenproject (3)\myfirstmavenproject\Screenshots\invalidLogin.jpg
02-06-2023 17:59:40 TestBase.java INFO  [main] testbase.TestBase 44 - Execution started for testcase:loginTest-----------
02-06-2023 17:59:40 driverfactory.java INFO  [main] driverFactory.driverfactory 21 - chorme initilaized
onTestStart
02-06-2023 17:59:54 elementutils.java INFO  [main] util.elementutils 20 - inside enterusername method
02-06-2023 17:59:54 elementutils.java INFO  [main] util.elementutils 21 - Locator :By.name: username
02-06-2023 17:59:55 elementutils.java INFO  [main] util.elementutils 24 - username successfully entered
02-06-2023 17:59:55 elementutils.java INFO  [main] util.elementutils 20 - inside enterusername method
02-06-2023 17:59:55 elementutils.java INFO  [main] util.elementutils 21 - Locator :By.name: password
02-06-2023 17:59:55 elementutils.java INFO  [main] util.elementutils 24 - username successfully entered
02-06-2023 17:59:55 elementutils.java INFO  [main] util.elementutils 34 - inside doclick method
02-06-2023 17:59:55 elementutils.java INFO  [main] util.elementutils 35 - Locator:By.className: orangehrm-login-button
beforeClickon
afterClickon
02-06-2023 17:59:58 elementutils.java INFO  [main] util.elementutils 38 - successful click on button
02-06-2023 17:59:58 elementutils.java INFO  [main] util.elementutils 47 - inside isElementPresent method
02-06-2023 17:59:58 elementutils.java INFO  [main] util.elementutils 48 - locator:By.className: oxd-userdropdown-name
02-06-2023 17:59:59 elementutils.java INFO  [main] util.elementutils 52 - Element is present
]]></system-out>
    <system-err><![CDATA[Starting ChromeDriver 109.0.5414.74 (e7c5703604daa9cc128ccf5a5d3e993513758913-refs/branch-heads/5414@{#1172}) on port 20996
Only local connections are allowed.
Please see https://chromedriver.chromium.org/security-considerations for suggestions on keeping ChromeDriver safe.
ChromeDriver was started successfully.
Feb 06, 2023 5:59:43 PM org.openqa.selenium.remote.ProtocolHandshake createSession
INFO: Detected dialect: W3C
]]></system-err>
  </testcase>
  <testcase name="redirectToResetPasswordPageLinkPresent" classname="tests.LoginTest" time="0.202"/>
  <testcase name="navigateToResetPassword" classname="tests.LoginTest" time="2.564"/>
</testsuite>